This is pdfTeX, Version 3.14159265-2.6-1.40.21 (MiKTeX 20.10) (preloaded format=pdflatex 2020.10.14)  3 MAR 2021 17:15
entering extended mode
**./theworldatlasoflastinterglacialshorelines.tex
(theworldatlasoflastinterglacialshorelines.tex
LaTeX2e <2020-10-01> patch level 1
L3 programming layer <2020-10-05> xparse <2020-03-03> (sphinxmanual.cls
Document Class: sphinxmanual 2019/12/01 v2.3.0 Document class (Sphinx manual)
("C:\Users\arovere\AppData\Local\Programs\MiKTeX 2.9\tex/latex/base\report.cls"
Document Class: report 2020/04/10 v1.4m Standard LaTeX document class
("C:\Users\arovere\AppData\Local\Programs\MiKTeX 2.9\tex/latex/base\size10.clo"
File: size10.clo 2020/04/10 v1.4m Standard LaTeX file (size option)
)
\c@part=\count175
\c@chapter=\count176
\c@section=\count177
\c@subsection=\count178
\c@subsubsection=\count179
\c@paragraph=\count180
\c@subparagraph=\count181
\c@figure=\count182
\c@table=\count183
\abovecaptionskip=\skip47
\belowcaptionskip=\skip48
\bibindent=\dimen138
)
LaTeX Info: Redefining \and on input line 35.
)
("C:\Users\arovere\AppData\Local\Programs\MiKTeX 2.9\tex/latex/base\inputenc.st
y"
Package: inputenc 2020/08/01 v1.3d Input encoding file
\inpenc@prehook=\toks15
\inpenc@posthook=\toks16
)
   defining Unicode char U+00A0 (decimal 160)
   defining Unicode char U+2500 (decimal 9472)
   defining Unicode char U+2502 (decimal 9474)
   defining Unicode char U+2514 (decimal 9492)
   defining Unicode char U+251C (decimal 9500)
   defining Unicode char U+2572 (decimal 9586)
 ("C:\Users\arovere\AppData\Local\Programs\MiKTeX 2.9\tex/latex/cmap\cmap.sty"
Package: cmap 2008/03/06 v1.0h CMap support: searchable PDF
)
("C:\Users\arovere\AppData\Local\Programs\MiKTeX 2.9\tex/latex/base\fontenc.sty
"
Package: fontenc 2020/08/10 v2.0s Standard LaTeX package
<<t1.cmap>>)
("C:\Users\arovere\AppData\Local\Programs\MiKTeX 2.9\tex/latex/amsmath\amsmath.
sty"
Package: amsmath 2020/09/23 v2.17i AMS math features
\@mathmargin=\skip49

For additional information on amsmath, use the `?' option.

("C:\Users\arovere\AppData\Local\Programs\MiKTeX 2.9\tex/latex/amsmath\amstext.
sty"
Package: amstext 2000/06/29 v2.01 AMS text

("C:\Users\arovere\AppData\Local\Programs\MiKTeX 2.9\tex/latex/amsmath\amsgen.s
ty"
File: amsgen.sty 1999/11/30 v2.0 generic functions
\@emptytoks=\toks17
\ex@=\dimen139
))
("C:\Users\arovere\AppData\Local\Programs\MiKTeX 2.9\tex/latex/amsmath\amsbsy.s
ty"
Package: amsbsy 1999/11/29 v1.2d Bold Symbols
\pmbraise@=\dimen140
)
("C:\Users\arovere\AppData\Local\Programs\MiKTeX 2.9\tex/latex/amsmath\amsopn.s
ty"
Package: amsopn 2016/03/08 v2.02 operator names
)
\inf@bad=\count184
LaTeX Info: Redefining \frac on input line 234.
\uproot@=\count185
\leftroot@=\count186
LaTeX Info: Redefining \overline on input line 399.
\classnum@=\count187
\DOTSCASE@=\count188
LaTeX Info: Redefining \ldots on input line 496.
LaTeX Info: Redefining \dots on input line 499.
LaTeX Info: Redefining \cdots on input line 620.
\Mathstrutbox@=\box47
\strutbox@=\box48
\big@size=\dimen141
LaTeX Font Info:    Redeclaring font encoding OML on input line 743.
LaTeX Font Info:    Redeclaring font encoding OMS on input line 744.
\macc@depth=\count189
\c@MaxMatrixCols=\count190
\dotsspace@=\muskip16
\c@parentequation=\count191
\dspbrk@lvl=\count192
\tag@help=\toks18
\row@=\count193
\column@=\count194
\maxfields@=\count195
\andhelp@=\toks19
\eqnshift@=\dimen142
\alignsep@=\dimen143
\tagshift@=\dimen144
\tagwidth@=\dimen145
\totwidth@=\dimen146
\lineht@=\dimen147
\@envbody=\toks20
\multlinegap=\skip50
\multlinetaggap=\skip51
\mathdisplay@stack=\toks21
LaTeX Info: Redefining \[ on input line 2923.
LaTeX Info: Redefining \] on input line 2924.
)
("C:\Users\arovere\AppData\Local\Programs\MiKTeX 2.9\tex/latex/amsfonts\amssymb
.sty"
Package: amssymb 2013/01/14 v3.01 AMS font symbols

("C:\Users\arovere\AppData\Local\Programs\MiKTeX 2.9\tex/latex/amsfonts\amsfont
s.sty"
Package: amsfonts 2013/01/14 v3.01 Basic AMSFonts support
\symAMSa=\mathgroup4
\symAMSb=\mathgroup5
LaTeX Font Info:    Redeclaring math symbol \hbar on input line 98.
LaTeX Font Info:    Overwriting math alphabet `\mathfrak' in version `bold'
(Font)                  U/euf/m/n --> U/euf/b/n on input line 106.
))
("C:\Users\arovere\AppData\Local\Programs\MiKTeX 2.9\tex/generic/babel\babel.st
y"
Package: babel 2020/10/06 3.50 The Babel package

("C:\Users\arovere\AppData\Local\Programs\MiKTeX 2.9\tex/generic/babel\babel.de
f"
File: babel.def 2020/10/06 3.50 Babel common definitions
\babel@savecnt=\count196
\U@D=\dimen148
\l@babelnohyphens=\language83

("C:\Users\arovere\AppData\Local\Programs\MiKTeX 2.9\tex/generic/babel\txtbabel
.def")
\bbl@readstream=\read2
)
\bbl@dirlevel=\count197

*************************************
* Local config file bblopts.cfg used
*

("C:\Users\arovere\AppData\Local\Programs\MiKTeX 2.9\tex/latex/arabi\bblopts.cf
g"
File: bblopts.cfg 2005/09/08 v0.1 add Arabic and Farsi to "declared" options of
 babel
)
("C:\Users\arovere\AppData\Local\Programs\MiKTeX 2.9\tex/latex/babel-english\en
glish.ldf"
Language: english 2017/06/06 v3.3r English support from the babel system
Package babel Info: \l@canadian = using hyphenrules for english
(babel)             (\language0) on input line 102.
Package babel Info: \l@australian = using hyphenrules for ukenglish
(babel)             (\language77) on input line 105.
Package babel Info: \l@newzealand = using hyphenrules for ukenglish
(babel)             (\language77) on input line 108.
))
("C:\Users\arovere\AppData\Local\Programs\MiKTeX 2.9\tex/latex/psnfss\times.sty
"
Package: times 2020/03/25 PSNFSS-v9.3 (SPQR) 
)
("C:\Users\arovere\AppData\Local\Programs\MiKTeX 2.9\tex/latex/fncychap\fncycha
p.sty"
Package: fncychap 2007/07/30 v1.34 LaTeX package (Revised chapters)
\RW=\skip52
\mylen=\skip53
\myhi=\skip54
\px=\skip55
\py=\skip56
\pyy=\skip57
\pxx=\skip58
\c@AlphaCnt=\count198
\c@AlphaDecCnt=\count199
) (sphinx.sty
Package: sphinx 2019/09/02 v2.3.0 LaTeX package (Sphinx markup)

("C:\Users\arovere\AppData\Local\Programs\MiKTeX 2.9\tex/generic/ltxcmds\ltxcmd
s.sty"
Package: ltxcmds 2020-05-10 v1.25 LaTeX kernel commands for general use (HO)
)
("C:\Users\arovere\AppData\Local\Programs\MiKTeX 2.9\tex/latex/graphics\graphic
x.sty"
Package: graphicx 2020/09/09 v1.2b Enhanced LaTeX Graphics (DPC,SPQR)

("C:\Users\arovere\AppData\Local\Programs\MiKTeX 2.9\tex/latex/graphics\keyval.
sty"
Package: keyval 2014/10/28 v1.15 key=value parser (DPC)
\KV@toks@=\toks22
)
("C:\Users\arovere\AppData\Local\Programs\MiKTeX 2.9\tex/latex/graphics\graphic
s.sty"
Package: graphics 2020/08/30 v1.4c Standard LaTeX Graphics (DPC,SPQR)

("C:\Users\arovere\AppData\Local\Programs\MiKTeX 2.9\tex/latex/graphics\trig.st
y"
Package: trig 2016/01/03 v1.10 sin cos tan (DPC)
)
("C:\Users\arovere\AppData\Local\Programs\MiKTeX 2.9\tex/latex/graphics-cfg\gra
phics.cfg"
File: graphics.cfg 2016/06/04 v1.11 sample graphics configuration
)
Package graphics Info: Driver file: pdftex.def on input line 105.

("C:\Users\arovere\AppData\Local\Programs\MiKTeX 2.9\tex/latex/graphics-def\pdf
tex.def"
File: pdftex.def 2020/10/05 v1.2a Graphics/color driver for pdftex
))
\Gin@req@height=\dimen149
\Gin@req@width=\dimen150
)
("C:\Users\arovere\AppData\Local\Programs\MiKTeX 2.9\tex/latex/fancyhdr\fancyhd
r.sty"
Package: fancyhdr 2019/01/31 v3.10 Extensive control of page headers and footer
s
\f@nch@headwidth=\skip59
\f@nch@O@elh=\skip60
\f@nch@O@erh=\skip61
\f@nch@O@olh=\skip62
\f@nch@O@orh=\skip63
\f@nch@O@elf=\skip64
\f@nch@O@erf=\skip65
\f@nch@O@olf=\skip66
\f@nch@O@orf=\skip67
)
("C:\Users\arovere\AppData\Local\Programs\MiKTeX 2.9\tex/latex/base\textcomp.st
y"
Package: textcomp 2020/02/02 v2.0n Standard LaTeX package
)
("C:\Users\arovere\AppData\Local\Programs\MiKTeX 2.9\tex/latex/titlesec\titlese
c.sty"
Package: titlesec 2019/10/16 v2.13 Sectioning titles
\ttl@box=\box49
\beforetitleunit=\skip68
\aftertitleunit=\skip69
\ttl@plus=\dimen151
\ttl@minus=\dimen152
\ttl@toksa=\toks23
\titlewidth=\dimen153
\titlewidthlast=\dimen154
\titlewidthfirst=\dimen155
)
("C:\Users\arovere\AppData\Local\Programs\MiKTeX 2.9\tex/latex/tabulary\tabular
y.sty"
Package: tabulary 2014/06/11 v0.10 tabulary package (DPC)

("C:\Users\arovere\AppData\Local\Programs\MiKTeX 2.9\tex/latex/tools\array.sty"
Package: array 2019/08/31 v2.4l Tabular extension package (FMi)
\col@sep=\dimen156
\ar@mcellbox=\box50
\extrarowheight=\dimen157
\NC@list=\toks24
\extratabsurround=\skip70
\backup@length=\skip71
\ar@cellbox=\box51
)
\TY@count=\count266
\TY@linewidth=\dimen158
\tymin=\dimen159
\tymax=\dimen160
\TY@tablewidth=\dimen161
)
("C:\Users\arovere\AppData\Local\Programs\MiKTeX 2.9\tex/latex/tools\longtable.
sty"
Package: longtable 2020/01/07 v4.13 Multi-page Table package (DPC)
\LTleft=\skip72
\LTright=\skip73
\LTpre=\skip74
\LTpost=\skip75
\LTchunksize=\count267
\LTcapwidth=\dimen162
\LT@head=\box52
\LT@firsthead=\box53
\LT@foot=\box54
\LT@lastfoot=\box55
\LT@cols=\count268
\LT@rows=\count269
\c@LT@tables=\count270
\c@LT@chunks=\count271
\LT@p@ftn=\toks25
)
("C:\Users\arovere\AppData\Local\Programs\MiKTeX 2.9\tex/latex/varwidth\varwidt
h.sty"
Package: varwidth 2009/03/30 ver 0.92;  Variable-width minipages
\@vwid@box=\box56
\sift@deathcycles=\count272
\@vwid@loff=\dimen163
\@vwid@roff=\dimen164
) (sphinxmulticell.sty
Package: sphinxmulticell 2017/02/23 v1.6 better span rows and columns of a tabl
e (Sphinx team)
\sphinx@TY@tablewidth=\dimen165
)
("C:\Users\arovere\AppData\Local\Programs\MiKTeX 2.9\tex/latex/base\makeidx.sty
"
Package: makeidx 2014/09/29 v1.0m Standard LaTeX package
)
("C:\Users\arovere\AppData\Local\Programs\MiKTeX 2.9\tex/latex/framed\framed.st
y"
Package: framed 2011/10/22 v 0.96: framed or shaded text with page breaks
\OuterFrameSep=\skip76
\fb@frw=\dimen166
\fb@frh=\dimen167
\FrameRule=\dimen168
\FrameSep=\dimen169
)
("C:\Users\arovere\AppData\Local\Programs\MiKTeX 2.9\tex/latex/xcolor\xcolor.st
y"
Package: xcolor 2016/05/11 v2.12 LaTeX color extensions (UK)

("C:\Users\arovere\AppData\Local\Programs\MiKTeX 2.9\tex/latex/graphics-cfg\col
or.cfg"
File: color.cfg 2016/01/02 v1.6 sample color configuration
)
Package xcolor Info: Driver file: pdftex.def on input line 225.
Package xcolor Info: Model `cmy' substituted by `cmy0' on input line 1348.
Package xcolor Info: Model `hsb' substituted by `rgb' on input line 1352.
Package xcolor Info: Model `RGB' extended on input line 1364.
Package xcolor Info: Model `HTML' substituted by `rgb' on input line 1366.
Package xcolor Info: Model `Hsb' substituted by `hsb' on input line 1367.
Package xcolor Info: Model `tHsb' substituted by `hsb' on input line 1368.
Package xcolor Info: Model `HSB' substituted by `hsb' on input line 1369.
Package xcolor Info: Model `Gray' substituted by `gray' on input line 1370.
Package xcolor Info: Model `wave' substituted by `hsb' on input line 1371.
)
("C:\Users\arovere\AppData\Local\Programs\MiKTeX 2.9\tex/latex/fancyvrb\fancyvr
b.sty"
Package: fancyvrb 2020/05/03 v3.6 verbatim text (tvz,hv)
\FV@CodeLineNo=\count273
\FV@InFile=\read3
\FV@TabBox=\box57
\c@FancyVerbLine=\count274
\FV@StepNumber=\count275
\FV@OutFile=\write3
) (footnotehyper-sphinx.sty
Package: footnotehyper-sphinx 2017/10/27 v1.7 hyperref aware footnote.sty for s
phinx (JFB)
\FNH@notes=\box58
\FNH@width=\dimen170
)
("C:\Users\arovere\AppData\Local\Programs\MiKTeX 2.9\tex/latex/float\float.sty"
Package: float 2001/11/08 v1.3d Float enhancements (AL)
\c@float@type=\count276
\float@exts=\toks26
\float@box=\box59
\@float@everytoks=\toks27
\@floatcapt=\box60
)
("C:\Users\arovere\AppData\Local\Programs\MiKTeX 2.9\tex/latex/wrapfig\wrapfig.
sty"
\wrapoverhang=\dimen171
\WF@size=\dimen172
\c@WF@wrappedlines=\count277
\WF@box=\box61
\WF@everypar=\toks28
Package: wrapfig 2003/01/31  v 3.6
)
("C:\Users\arovere\AppData\Local\Programs\MiKTeX 2.9\tex/latex/parskip\parskip.
sty"
Rollback for package 'parskip' requested -> version 'v1'.
         This corresponds to the release introduced on 2001-04-09.

("C:\Users\arovere\AppData\Local\Programs\MiKTeX 2.9\tex/latex/parskip\parskip-
2001-04-09.sty"
Package: parskip 2001/04/09 non-zero parskip adjustments
))
("C:\Users\arovere\AppData\Local\Programs\MiKTeX 2.9\tex/latex/base\alltt.sty"
Package: alltt 1997/06/16 v2.0g defines alltt environment
)
("C:\Users\arovere\AppData\Local\Programs\MiKTeX 2.9\tex/latex/upquote\upquote.
sty"
Package: upquote 2012/04/19 v1.3 upright-quote and grave-accent glyphs in verba
tim
)
("C:\Users\arovere\AppData\Local\Programs\MiKTeX 2.9\tex/latex/capt-of\capt-of.
sty"
Package: capt-of 2009/12/29 v0.2 standard captions outside of floats
)
("C:\Users\arovere\AppData\Local\Programs\MiKTeX 2.9\tex/latex/needspace\needsp
ace.sty"
Package: needspace 2010/09/12 v1.3d reserve vertical space
) (sphinxhighlight.sty
Package: sphinxhighlight 2016/05/29 stylesheet for highlighting with pygments
)
("C:\Users\arovere\AppData\Local\Programs\MiKTeX 2.9\tex/latex/kvoptions\kvopti
ons.sty"
Package: kvoptions 2019/11/29 v3.13 Key value format for package options (HO)

("C:\Users\arovere\AppData\Local\Programs\MiKTeX 2.9\tex/generic/kvsetkeys\kvse
tkeys.sty"
Package: kvsetkeys 2019/12/15 v1.18 Key value parser (HO)
))
\sphinxverbatimsep=\dimen173
\sphinxverbatimborder=\dimen174
\sphinxshadowsep=\dimen175
\sphinxshadowsize=\dimen176
\sphinxshadowrule=\dimen177
\spx@notice@border=\dimen178
\spx@image@maxheight=\dimen179
\spx@image@box=\dimen180
\c@literalblock=\count278
\sphinxcontinuationbox=\box62
\sphinxvisiblespacebox=\box63
\sphinxVerbatim@TitleBox=\box64
\sphinxVerbatim@ContentsBox=\box65
\py@argswidth=\skip77
\lineblockindentation=\skip78
\DUlineblockindent=\skip79
)
("C:\Users\arovere\AppData\Local\Programs\MiKTeX 2.9\tex/latex/geometry\geometr
y.sty"
Package: geometry 2020/01/02 v5.9 Page Geometry

("C:\Users\arovere\AppData\Local\Programs\MiKTeX 2.9\tex/generic/iftex\ifvtex.s
ty"
Package: ifvtex 2019/10/25 v1.7 ifvtex legacy package. Use iftex instead.

("C:\Users\arovere\AppData\Local\Programs\MiKTeX 2.9\tex/generic/iftex\iftex.st
y"
Package: iftex 2020/03/06 v1.0d TeX engine tests
))
\Gm@cnth=\count279
\Gm@cntv=\count280
\c@Gm@tempcnt=\count281
\Gm@bindingoffset=\dimen181
\Gm@wd@mp=\dimen182
\Gm@odd@mp=\dimen183
\Gm@even@mp=\dimen184
\Gm@layoutwidth=\dimen185
\Gm@layoutheight=\dimen186
\Gm@layouthoffset=\dimen187
\Gm@layoutvoffset=\dimen188
\Gm@dimlist=\toks29

("C:\Users\arovere\AppData\Local\Programs\MiKTeX 2.9\tex/latex/geometry\geometr
y.cfg"))
("C:\Users\arovere\AppData\Local\Programs\MiKTeX 2.9\tex/latex/hyperref\hyperre
f.sty"
Package: hyperref 2020-05-15 v7.00e Hypertext links for LaTeX

("C:\Users\arovere\AppData\Local\Programs\MiKTeX 2.9\tex/generic/pdftexcmds\pdf
texcmds.sty"
Package: pdftexcmds 2020-06-27 v0.33 Utility functions of pdfTeX for LuaTeX (HO
)

("C:\Users\arovere\AppData\Local\Programs\MiKTeX 2.9\tex/generic/infwarerr\infw
arerr.sty"
Package: infwarerr 2019/12/03 v1.5 Providing info/warning/error messages (HO)
)
Package pdftexcmds Info: \pdf@primitive is available.
Package pdftexcmds Info: \pdf@ifprimitive is available.
Package pdftexcmds Info: \pdfdraftmode found.
)
("C:\Users\arovere\AppData\Local\Programs\MiKTeX 2.9\tex/generic/kvdefinekeys\k
vdefinekeys.sty"
Package: kvdefinekeys 2019-12-19 v1.6 Define keys (HO)
)
("C:\Users\arovere\AppData\Local\Programs\MiKTeX 2.9\tex/generic/pdfescape\pdfe
scape.sty"
Package: pdfescape 2019/12/09 v1.15 Implements pdfTeX's escape features (HO)
)
("C:\Users\arovere\AppData\Local\Programs\MiKTeX 2.9\tex/latex/hycolor\hycolor.
sty"
Package: hycolor 2020-01-27 v1.10 Color options for hyperref/bookmark (HO)
)
("C:\Users\arovere\AppData\Local\Programs\MiKTeX 2.9\tex/latex/letltxmacro\letl
txmacro.sty"
Package: letltxmacro 2019/12/03 v1.6 Let assignment for LaTeX macros (HO)
)
("C:\Users\arovere\AppData\Local\Programs\MiKTeX 2.9\tex/latex/auxhook\auxhook.
sty"
Package: auxhook 2019-12-17 v1.6 Hooks for auxiliary files (HO)
)
\@linkdim=\dimen189
\Hy@linkcounter=\count282
\Hy@pagecounter=\count283

("C:\Users\arovere\AppData\Local\Programs\MiKTeX 2.9\tex/latex/hyperref\pd1enc.
def"
File: pd1enc.def 2020-05-15 v7.00e Hyperref: PDFDocEncoding definition (HO)
Now handling font encoding PD1 ...
... no UTF-8 mapping file for font encoding PD1
)
("C:\Users\arovere\AppData\Local\Programs\MiKTeX 2.9\tex/generic/intcalc\intcal
c.sty"
Package: intcalc 2019/12/15 v1.3 Expandable calculations with integers (HO)
)
("C:\Users\arovere\AppData\Local\Programs\MiKTeX 2.9\tex/generic/etexcmds\etexc
mds.sty"
Package: etexcmds 2019/12/15 v1.7 Avoid name clashes with e-TeX commands (HO)
)
\Hy@SavedSpaceFactor=\count284
Package hyperref Info: Option `unicode' set `true' on input line 4338.

("C:\Users\arovere\AppData\Local\Programs\MiKTeX 2.9\tex/latex/hyperref\puenc.d
ef"
File: puenc.def 2020-05-15 v7.00e Hyperref: PDF Unicode definition (HO)
Now handling font encoding PU ...
... no UTF-8 mapping file for font encoding PU
)
Package hyperref Info: Option `colorlinks' set `true' on input line 4338.
Package hyperref Info: Option `breaklinks' set `true' on input line 4338.
Package hyperref Info: Hyper figures OFF on input line 4464.
Package hyperref Info: Link nesting OFF on input line 4469.
Package hyperref Info: Hyper index ON on input line 4472.
Package hyperref Info: Plain pages OFF on input line 4479.
Package hyperref Info: Backreferencing OFF on input line 4484.
Package hyperref Info: Implicit mode ON; LaTeX internals redefined.
Package hyperref Info: Bookmarks ON on input line 4717.
\c@Hy@tempcnt=\count285
 ("C:\Users\arovere\AppData\Local\Programs\MiKTeX 2.9\tex/latex/url\url.sty"
\Urlmuskip=\muskip17
Package: url 2013/09/16  ver 3.4  Verb mode for urls, etc.
)
LaTeX Info: Redefining \url on input line 5076.
\XeTeXLinkMargin=\dimen190

("C:\Users\arovere\AppData\Local\Programs\MiKTeX 2.9\tex/generic/bitset\bitset.
sty"
Package: bitset 2019/12/09 v1.3 Handle bit-vector datatype (HO)

("C:\Users\arovere\AppData\Local\Programs\MiKTeX 2.9\tex/generic/bigintcalc\big
intcalc.sty"
Package: bigintcalc 2019/12/15 v1.5 Expandable calculations on big integers (HO
)
))
\Fld@menulength=\count286
\Field@Width=\dimen191
\Fld@charsize=\dimen192
Package hyperref Info: Hyper figures OFF on input line 6347.
Package hyperref Info: Link nesting OFF on input line 6352.
Package hyperref Info: Hyper index ON on input line 6355.
Package hyperref Info: backreferencing OFF on input line 6362.
Package hyperref Info: Link coloring ON on input line 6365.
Package hyperref Info: Link coloring with OCG OFF on input line 6372.
Package hyperref Info: PDF/A mode OFF on input line 6377.
LaTeX Info: Redefining \ref on input line 6417.
LaTeX Info: Redefining \pageref on input line 6421.

("C:\Users\arovere\AppData\Local\Programs\MiKTeX 2.9\tex/latex/base\atbegshi-lt
x.sty"
Package: atbegshi-ltx 2020/08/17 v1.0a Emulation of the original atbegshi packa
ge
with kernel methods
)
\Hy@abspage=\count287
\c@Item=\count288
\c@Hfootnote=\count289
)
Package hyperref Info: Driver (autodetected): hpdftex.

("C:\Users\arovere\AppData\Local\Programs\MiKTeX 2.9\tex/latex/hyperref\hpdftex
.def"
File: hpdftex.def 2020-05-15 v7.00e Hyperref driver for pdfTeX

("C:\Users\arovere\AppData\Local\Programs\MiKTeX 2.9\tex/latex/base\atveryend-l
tx.sty"
Package: atveryend-ltx 2020/08/19 v1.0a Emulation of the original atvery packag
e
with kernel methods
)
\Fld@listcount=\count290
\c@bookmark@seq@number=\count291

("C:\Users\arovere\AppData\Local\Programs\MiKTeX 2.9\tex/latex/rerunfilecheck\r
erunfilecheck.sty"
Package: rerunfilecheck 2019/12/05 v1.9 Rerun checks for auxiliary files (HO)

("C:\Users\arovere\AppData\Local\Programs\MiKTeX 2.9\tex/generic/uniquecounter\
uniquecounter.sty"
Package: uniquecounter 2019/12/15 v1.4 Provide unlimited unique counter (HO)
)
Package uniquecounter Info: New unique counter `rerunfilecheck' on input line 2
86.
)
\Hy@SectionHShift=\skip80
)
("C:\Users\arovere\AppData\Local\Programs\MiKTeX 2.9\tex/latex/oberdiek\hypcap.
sty"
Package: hypcap 2016/05/16 v1.12 Adjusting the anchors of captions (HO)
) (sphinxmessages.sty
Package: sphinxmessages 2019/01/04 v2.0 Localized LaTeX macros (Sphinx team)
)
\@indexfile=\write4
\openout4 = `theworldatlasoflastinterglacialshorelines.idx'.


Writing index file theworldatlasoflastinterglacialshorelines.idx
LaTeX Font Info:    Trying to load font information for T1+ptm on input line 83
.
("C:\Users\arovere\AppData\Local\Programs\MiKTeX 2.9\tex/latex/psnfss\t1ptm.fd"
File: t1ptm.fd 2001/06/04 font definitions for T1/ptm.
)
("C:\Users\arovere\AppData\Local\Programs\MiKTeX 2.9\tex/latex/l3backend\l3back
end-pdftex.def"
File: l3backend-pdftex.def 2020-09-24 L3 backend support: PDF output (pdfTeX)
\l__kernel_color_stack_int=\count292
\l__pdf_internal_box=\box66
) (theworldatlasoflastinterglacialshorelines.aux)
\openout1 = `theworldatlasoflastinterglacialshorelines.aux'.

LaTeX Font Info:    Checking defaults for OML/cmm/m/it on input line 83.
LaTeX Font Info:    ... okay on input line 83.
LaTeX Font Info:    Checking defaults for OMS/cmsy/m/n on input line 83.
LaTeX Font Info:    ... okay on input line 83.
LaTeX Font Info:    Checking defaults for OT1/cmr/m/n on input line 83.
LaTeX Font Info:    ... okay on input line 83.
LaTeX Font Info:    Checking defaults for T1/cmr/m/n on input line 83.
LaTeX Font Info:    ... okay on input line 83.
LaTeX Font Info:    Checking defaults for TS1/cmr/m/n on input line 83.
LaTeX Font Info:    ... okay on input line 83.
LaTeX Font Info:    Checking defaults for OMX/cmex/m/n on input line 83.
LaTeX Font Info:    ... okay on input line 83.
LaTeX Font Info:    Checking defaults for U/cmr/m/n on input line 83.
LaTeX Font Info:    ... okay on input line 83.
LaTeX Font Info:    Checking defaults for PD1/pdf/m/n on input line 83.
LaTeX Font Info:    ... okay on input line 83.
LaTeX Font Info:    Checking defaults for PU/pdf/m/n on input line 83.
LaTeX Font Info:    ... okay on input line 83.

("C:\Users\arovere\AppData\Local\Programs\MiKTeX 2.9\tex/context/base/mkii\supp
-pdf.mkii"
[Loading MPS to PDF converter (version 2006.09.02).]
\scratchcounter=\count293
\scratchdimen=\dimen193
\scratchbox=\box67
\nofMPsegments=\count294
\nofMParguments=\count295
\everyMPshowfont=\toks30
\MPscratchCnt=\count296
\MPscratchDim=\dimen194
\MPnumerator=\count297
\makeMPintoPDFobject=\count298
\everyMPtoPDFconversion=\toks31
)
("C:\Users\arovere\AppData\Local\Programs\MiKTeX 2.9\tex/latex/epstopdf-pkg\eps
topdf-base.sty"
Package: epstopdf-base 2020-01-24 v2.11 Base part for package epstopdf
Package epstopdf-base Info: Redefining graphics rule for `.eps' on input line 4
85.
)
*geometry* driver: auto-detecting
*geometry* detected driver: pdftex
*geometry* verbose mode - [ preamble ] result:
* driver: pdftex
* paper: letterpaper
* layout: <same size as paper>
* layoutoffset:(h,v)=(0.0pt,0.0pt)
* modes: twoside 
* h-part:(L,W,R)=(72.26999pt, 469.75502pt, 72.26999pt)
* v-part:(T,H,B)=(72.26999pt, 650.43001pt, 72.26999pt)
* \paperwidth=614.295pt
* \paperheight=794.96999pt
* \textwidth=469.75502pt
* \textheight=650.43001pt
* \oddsidemargin=0.0pt
* \evensidemargin=0.0pt
* \topmargin=-37.0pt
* \headheight=12.0pt
* \headsep=25.0pt
* \topskip=10.0pt
* \footskip=30.0pt
* \marginparwidth=36.135pt
* \marginparsep=11.0pt
* \columnsep=10.0pt
* \skip\footins=9.0pt plus 4.0pt minus 2.0pt
* \hoffset=0.0pt
* \voffset=0.0pt
* \mag=1000
* \@twocolumnfalse
* \@twosidetrue
* \@mparswitchtrue
* \@reversemarginfalse
* (1in=72.27pt=25.4mm, 1cm=28.453pt)

Package hyperref Info: Link coloring ON on input line 83.

("C:\Users\arovere\AppData\Local\Programs\MiKTeX 2.9\tex/latex/hyperref\nameref
.sty"
Package: nameref 2019/09/16 v2.46 Cross-referencing by name of section

("C:\Users\arovere\AppData\Local\Programs\MiKTeX 2.9\tex/latex/refcount\refcoun
t.sty"
Package: refcount 2019/12/15 v3.6 Data extraction from label references (HO)
)
("C:\Users\arovere\AppData\Local\Programs\MiKTeX 2.9\tex/generic/gettitlestring
\gettitlestring.sty"
Package: gettitlestring 2019/12/15 v1.6 Cleanup title references (HO)
)
\c@section@level=\count299
)
LaTeX Info: Redefining \ref on input line 83.
LaTeX Info: Redefining \pageref on input line 83.
LaTeX Info: Redefining \nameref on input line 83.
 (theworldatlasoflastinterglacialshorelines.out)
(theworldatlasoflastinterglacialshorelines.out)
\@outlinefile=\write5
\openout5 = `theworldatlasoflastinterglacialshorelines.out'.

Package hyperref Info: Option `pageanchor' set `false' on input line 86.


Package hyperref Warning: Token not allowed in a PDF string (Unicode):
(hyperref)                removing `\spacefactor' on input line 86.


Package hyperref Warning: Token not allowed in a PDF string (Unicode):
(hyperref)                removing `\@m' on input line 86.

LaTeX Font Info:    Trying to load font information for T1+phv on input line 86
.
("C:\Users\arovere\AppData\Local\Programs\MiKTeX 2.9\tex/latex/psnfss\t1phv.fd"
File: t1phv.fd 2020/03/25 scalable font definitions for T1/phv.
)
LaTeX Font Info:    Font shape `T1/phv/b/it' in size <10> not available
(Font)              Font shape `T1/phv/b/sl' tried instead on input line 86.
LaTeX Font Info:    Font shape `T1/phv/b/it' in size <17.28> not available
(Font)              Font shape `T1/phv/b/sl' tried instead on input line 86.
<<ot1.cmap>><<oml.cmap>><<oms.cmap>><<omx.cmap>>
LaTeX Font Info:    Trying to load font information for U+msa on input line 86.


("C:\Users\arovere\AppData\Local\Programs\MiKTeX 2.9\tex/latex/amsfonts\umsa.fd
"
File: umsa.fd 2013/01/14 v3.01 AMS symbols A
)
LaTeX Font Info:    Trying to load font information for U+msb on input line 86.


("C:\Users\arovere\AppData\Local\Programs\MiKTeX 2.9\tex/latex/amsfonts\umsb.fd
"
File: umsb.fd 2013/01/14 v3.01 AMS symbols B
) [1

{C:/Users/arovere/AppData/Local/MiKTeX/2.9/pdftex/config/pdftex.map}]
[2


] (theworldatlasoflastinterglacialshorelines.toc [1

])
\tf@toc=\write6
\openout6 = `theworldatlasoflastinterglacialshorelines.toc'.

 [2]
Chapter 1.
[1


]
LaTeX Font Info:    Trying to load font information for T1+pcr on input line 15
1.

("C:\Users\arovere\AppData\Local\Programs\MiKTeX 2.9\tex/latex/psnfss\t1pcr.fd"
File: t1pcr.fd 2001/06/04 font definitions for T1/pcr.
) [2]
<WALIS_logos.jpg, id=436, 261.8583pt x 195.8517pt>
File: WALIS_logos.jpg Graphic file (type jpg)
<use WALIS_logos.jpg>
Package pdftex.def Info: WALIS_logos.jpg  used on input line 182.
(pdftex.def)             Requested size: 301.12305pt x 225.23068pt.
<88x31.png, id=438, 88.33pt x 31.11626pt>
File: 88x31.png Graphic file (type png)
<use 88x31.png>
Package pdftex.def Info: 88x31.png  used on input line 191.
(pdftex.def)             Requested size: 75.28076pt x 26.51967pt.
 [3 <./WALIS_logos.jpg> <./88x31.png>] [4

]
Chapter 2.
[5] [6

]
Chapter 3.

Underfull \hbox (badness 10000) in paragraph at lines 318--320
[]|\T1/ptm/m/n/10 Is this dat-a-point
 []


Underfull \hbox (badness 10000) in paragraph at lines 382--384
[]|\T1/ptm/m/n/10 Additional ref-er-
 []


Overfull \hbox (1.16869pt too wide) in paragraph at lines 387--388
[]|\T1/ptm/m/n/10 decimal(10,6)| 
 []


Underfull \hbox (badness 6995) in paragraph at lines 391--393
[]|\T1/ptm/m/n/10 Latitude (dec-i-mal
 []


Overfull \hbox (1.16869pt too wide) in paragraph at lines 396--397
[]|\T1/ptm/m/n/10 decimal(10,6)| 
 []


Underfull \hbox (badness 10000) in paragraph at lines 400--402
[]|\T1/ptm/m/n/10 Longitude (dec-i-
 []


Underfull \hbox (badness 10000) in paragraph at lines 411--413
[]|\T1/ptm/m/n/10 Horizontal Po-si-
 []


Underfull \hbox (badness 10000) in paragraph at lines 422--424
[]|\T1/ptm/m/n/10 Is this a ma-
 []


Underfull \hbox (badness 10000) in paragraph at lines 422--424
\T1/ptm/m/n/10 rine/terrestrial
 []


Underfull \hbox (badness 7012) in paragraph at lines 444--446
[]|\T1/ptm/m/n/10 Indicator de-scrip-
 []


Overfull \hbox (1.16869pt too wide) in paragraph at lines 449--450
[]|\T1/ptm/m/n/10 decimal(10,2)| 
 []


Underfull \hbox (badness 10000) in paragraph at lines 453--455
[]|\T1/ptm/m/n/10 Upper limit of
 []


Overfull \hbox (1.16869pt too wide) in paragraph at lines 458--459
[]|\T1/ptm/m/n/10 decimal(10,2)| 
 []


Underfull \hbox (badness 10000) in paragraph at lines 462--464
[]|\T1/ptm/m/n/10 Lower limit of
 []


Underfull \hbox (badness 10000) in paragraph at lines 473--475
[]|\T1/ptm/m/n/10 Quantification of
 []


Underfull \hbox (badness 7344) in paragraph at lines 502--504
\T1/ptm/m/n/10 in-sert up-per and
 []


Underfull \hbox (badness 10000) in paragraph at lines 502--504
\T1/ptm/m/n/10 lower el-e-va-tion
 []


Underfull \hbox (badness 10000) in paragraph at lines 535--537
[]|\T1/ptm/m/n/10 Upper/Lower
 []


Underfull \hbox (badness 10000) in paragraph at lines 535--537
\T1/ptm/m/n/10 el-e-va-tion mea-
 []


Underfull \hbox (badness 10000) in paragraph at lines 535--537
\T1/ptm/m/n/10 sure-ment er-ror
 []


Overfull \hbox (1.16869pt too wide) in paragraph at lines 540--541
[]|\T1/ptm/m/n/10 decimal(10,2)| 
 []


Overfull \hbox (1.16869pt too wide) in paragraph at lines 549--550
[]|\T1/ptm/m/n/10 decimal(10,2)| 
 []


Underfull \hbox (badness 10000) in paragraph at lines 564--566
\T1/ptm/m/n/10 and in-dica-tive
 []


Overfull \hbox (1.16869pt too wide) in paragraph at lines 569--570
[]|\T1/ptm/m/n/10 decimal(10,2)| 
 []


Underfull \hbox (badness 10000) in paragraph at lines 573--575
[]|\T1/ptm/m/n/10 Reference Wa-ter
 []


Overfull \hbox (1.16869pt too wide) in paragraph at lines 578--579
[]|\T1/ptm/m/n/10 decimal(10,2)| 
 []


Underfull \hbox (badness 10000) in paragraph at lines 582--584
[]|\T1/ptm/m/n/10 Indicative Range
 []


Overfull \hbox (1.16869pt too wide) in paragraph at lines 587--588
[]|\T1/ptm/m/n/10 decimal(10,2)| 
 []


Overfull \hbox (1.16869pt too wide) in paragraph at lines 596--597
[]|\T1/ptm/m/n/10 decimal(10,2)| 
 []


Underfull \hbox (badness 10000) in paragraph at lines 611--613
\T1/ptm/m/n/10 land move-ments
 []


Underfull \hbox (badness 10000) in paragraph at lines 611--613
\T1/ptm/m/n/10 (in-de-pen-dent
 []


Underfull \hbox (badness 10000) in paragraph at lines 644--646
[]|\T1/ptm/m/n/10 Published VLM
 []


Underfull \hbox (badness 10000) in paragraph at lines 655--657
[]|\T1/ptm/m/n/10 Published VLM
 []


Underfull \hbox (badness 10000) in paragraph at lines 655--657
\T1/ptm/m/n/10 rate un-cer-tainty
 []


Underfull \hbox (badness 10000) in paragraph at lines 666--668
[]|\T1/ptm/m/n/10 Interpreted VLM
 []


Underfull \hbox (badness 10000) in paragraph at lines 677--679
[]|\T1/ptm/m/n/10 Interpreted VLM
 []


Underfull \hbox (badness 10000) in paragraph at lines 688--690
[]|\T1/ptm/m/n/10 Comments on
 []

[7]
Underfull \hbox (badness 10000) in paragraph at lines 743--745
[]|\T1/ptm/m/n/10 Amino Acid
 []


Underfull \hbox (badness 5288) in paragraph at lines 743--745
\T1/ptm/m/n/10 Racem-iza-tion age
 []


Underfull \hbox (badness 10000) in paragraph at lines 776--778
[]|\T1/ptm/m/n/10 Luminescence
 []


Underfull \hbox (badness 10000) in paragraph at lines 820--822
[]|\T1/ptm/m/n/10 Other age con-
 []


Underfull \hbox (badness 10000) in paragraph at lines 831--833
[]|\T1/ptm/m/n/10 Other age con-
 []


Underfull \hbox (badness 10000) in paragraph at lines 840--842
[]|\T1/ptm/m/n/10 Quality of RSL
 []


Underfull \hbox (badness 10000) in paragraph at lines 900--902
[]|\T1/ptm/m/n/10 MySQL co-or-di-
 []

[8] [9]
Underfull \hbox (badness 10000) in paragraph at lines 1137--1138
[]|\T1/ptm/m/n/10 smallint(5)
 []

[10]
Underfull \hbox (badness 10000) in paragraph at lines 1189--1190
[]|\T1/ptm/m/n/10 int(11) un-
 []


Underfull \hbox (badness 10000) in paragraph at lines 1211--1212
[]|\T1/ptm/m/n/10 smallint(5)
 []


Underfull \hbox (badness 10000) in paragraph at lines 1361--1363
[]|\T1/ptm/m/n/10 Description of
 []


Underfull \hbox (badness 10000) in paragraph at lines 1372--1374
[]|\T1/ptm/m/n/10 Description of
 []


Underfull \hbox (badness 10000) in paragraph at lines 1394--1396
[]|\T1/ptm/m/n/10 Indicator ref-er-
 []

[11]
Underfull \hbox (badness 10000) in paragraph at lines 1464--1466
[]|\T1/ptm/m/n/10 WALIS SL-da-tum
 []


Underfull \hbox (badness 10000) in paragraph at lines 1578--1580
[]|\T1/ptm/m/n/10 WALIS ref-er-ence
 []


Underfull \hbox (badness 10000) in paragraph at lines 1792--1794
[]|\T1/ptm/m/n/10 WALIS U-Series
 []


Underfull \hbox (badness 10000) in paragraph at lines 1803--1805
[]|\T1/ptm/m/n/10 Is this dat-a-point
 []


Underfull \hbox (badness 6412) in paragraph at lines 1825--1827
[]|\T1/ptm/m/n/10 Details on dated
 []


Underfull \hbox (badness 6995) in paragraph at lines 2043--2045
[]|\T1/ptm/m/n/10 Latitude (dec-i-mal
 []


Underfull \hbox (badness 10000) in paragraph at lines 2054--2056
[]|\T1/ptm/m/n/10 Longitude (dec-i-
 []


Underfull \hbox (badness 10000) in paragraph at lines 2076--2078
[]|\T1/ptm/m/n/10 Reported Lon-gi-
 []


Underfull \hbox (badness 10000) in paragraph at lines 2098--2100
[]|\T1/ptm/m/n/10 Comments on
 []


Underfull \hbox (badness 10000) in paragraph at lines 2123--2124
[]|\T1/ptm/m/n/10 Elevation _ re-
 []


Underfull \hbox (badness 10000) in paragraph at lines 2153--2155
[]|\T1/ptm/m/n/10 Elevation above
 []


Underfull \hbox (badness 10000) in paragraph at lines 2164--2166
[]|\T1/ptm/m/n/10 Elevation un-
 []


Underfull \hbox (badness 10000) in paragraph at lines 2164--2166
\T1/ptm/m/n/10 cer-tainty used
 []


Underfull \hbox (badness 10000) in paragraph at lines 2175--2177
[]|\T1/ptm/m/n/10 Interpreted el-e-
 []


Underfull \hbox (badness 10000) in paragraph at lines 2186--2188
[]|\T1/ptm/m/n/10 Elevation com-
 []


Underfull \hbox (badness 10000) in paragraph at lines 2208--2210
[]|\T1/ptm/m/n/10 Published up-lift
 []


Underfull \hbox (badness 10000) in paragraph at lines 2219--2221
[]|\T1/ptm/m/n/10 Published un-cer-
 []

[12]
Underfull \hbox (badness 10000) in paragraph at lines 2230--2232
[]|\T1/ptm/m/n/10 Interpreted up-lift
 []


Underfull \hbox (badness 10000) in paragraph at lines 2241--2243
[]|\T1/ptm/m/n/10 Interpreted up-lift
 []


Underfull \hbox (badness 10000) in paragraph at lines 2241--2243
\T1/ptm/m/n/10 rate un-cer-tainty
 []


Underfull \hbox (badness 10000) in paragraph at lines 2252--2254
\T1/ptm/m/n/10 in-clud-ing sources
 []


Underfull \hbox (badness 6220) in paragraph at lines 2299--2300
[]|\T1/ptm/m/n/10 Speleo _ add _
 []


Underfull \hbox (badness 10000) in paragraph at lines 2362--2364
[]|\T1/ptm/m/n/10 Reported as in
 []


Underfull \hbox (badness 10000) in paragraph at lines 2373--2375
[]|\T1/ptm/m/n/10 Reported as in
 []


Underfull \hbox (badness 10000) in paragraph at lines 2384--2386
[]|\T1/ptm/m/n/10 Taxa in-for-ma-tion
 []


Underfull \hbox (badness 10000) in paragraph at lines 2420--2421
[]|\T1/ptm/m/n/10 Original _ pa-le-
 []


Underfull \hbox (badness 10000) in paragraph at lines 2428--2430
[]|\T1/ptm/m/n/10 Original
 []


Underfull \hbox (badness 10000) in paragraph at lines 2428--2430
\T1/ptm/m/n/10 palaeodepth
 []


Underfull \hbox (badness 10000) in paragraph at lines 2439--2441
[]|\T1/ptm/m/n/10 Ecological meta-
 []

[13]
Underfull \hbox (badness 10000) in paragraph at lines 2549--2551
\T1/ptm/m/n/10 for 230Th/238U
 []


Underfull \hbox (badness 10000) in paragraph at lines 2571--2573
[]|\T1/ptm/m/n/10 Comments on
 []


Underfull \hbox (badness 10000) in paragraph at lines 2582--2584
[]|\T1/ptm/m/n/10 How was
 []


Underfull \hbox (badness 10000) in paragraph at lines 2604--2606
[]|\T1/ptm/m/n/10 Other screen-ing
 []


Overfull \hbox (4.25877pt too wide) in paragraph at lines 2637--2639
[]|\T1/ptm/m/n/10 [230Th/232Th]ACT
 []

[14]
Underfull \hbox (badness 10000) in paragraph at lines 2692--2694
[]|\T1/ptm/m/n/10 [232Th] (ppb)
 []


Underfull \hbox (badness 10000) in paragraph at lines 2692--2694
\T1/ptm/m/n/10 un-cer-tainty
 []


Underfull \hbox (badness 10000) in paragraph at lines 2714--2716
[]|\T1/ptm/m/n/10 [238U] (ppm)
 []


Underfull \hbox (badness 10000) in paragraph at lines 2714--2716
\T1/ptm/m/n/10 un-cer-tainty
 []


Underfull \hbox (badness 6808) in paragraph at lines 2717--2718
[]|\T1/ptm/m/n/10 Atom _ ra-tio _
 []


Underfull \hbox (badness 10000) in paragraph at lines 2725--2727
[]|\T1/ptm/m/n/10 Atomic ra-tio
 []


Overfull \hbox (5.45874pt too wide) in paragraph at lines 2725--2727
\T1/ptm/m/n/10 (232Th/238U)*10^5| 
 []


Underfull \hbox (badness 10000) in paragraph at lines 2736--2738
[]|\T1/ptm/m/n/10 Initial
 []


Overfull \hbox (4.25877pt too wide) in paragraph at lines 2747--2749
[]|\T1/ptm/m/n/10 [230Th/232Th]ACT| 
 []


Overfull \hbox (4.25877pt too wide) in paragraph at lines 2758--2760
[]|\T1/ptm/m/n/10 [230Th/232Th]ACT
 []


Underfull \hbox (badness 10000) in paragraph at lines 2758--2760
\T1/ptm/m/n/10 un-cer-tainty
 []


Underfull \hbox (badness 10000) in paragraph at lines 2780--2782
\T1/ptm/m/n/10 un-cer-tainty
 []


Underfull \hbox (badness 10000) in paragraph at lines 2802--2804
\T1/ptm/m/n/10 un-cer-tainty
 []


Underfull \hbox (badness 10000) in paragraph at lines 2824--2826
\T1/ptm/m/n/10 un-cer-tainty
 []


Underfull \hbox (badness 10000) in paragraph at lines 2846--2848
[]|\T1/ptm/m/n/10 [234U/238U]ACT
 []


Underfull \hbox (badness 10000) in paragraph at lines 2846--2848
\T1/ptm/m/n/10 un-cer-tainty
 []


Underfull \hbox (badness 10000) in paragraph at lines 2868--2870
[]|\T1/ptm/m/n/10 Reported age-
 []


Underfull \hbox (badness 10000) in paragraph at lines 2868--2870
\T1/ptm/m/n/10 uncer-tainty (ka,
 []

LaTeX Font Info:    Trying to load font information for TS1+ptm on input line 2
901.
("C:\Users\arovere\AppData\Local\Programs\MiKTeX 2.9\tex/latex/psnfss\ts1ptm.fd
"
File: ts1ptm.fd 2001/06/04 font definitions for TS1/ptm.
)
Underfull \hbox (badness 10000) in paragraph at lines 2901--2903
[]|\T1/ptm/m/n/10 Reported delta
 []


Underfull \hbox (badness 10000) in paragraph at lines 2912--2914
[]|\T1/ptm/m/n/10 Reported delta
 []


Underfull \hbox (badness 10000) in paragraph at lines 2934--2936
\T1/ptm/m/n/10 un-cer-tainty
 []


Underfull \hbox (badness 10000) in paragraph at lines 2945--2947
[]|\T1/ptm/m/n/10 Measured
 []


Underfull \hbox (badness 10000) in paragraph at lines 2956--2958
[]|\T1/ptm/m/n/10 Measured
 []


Underfull \hbox (badness 10000) in paragraph at lines 2967--2969
[]|\T1/ptm/m/n/10 Measured
 []


Underfull \hbox (badness 10000) in paragraph at lines 2978--2980
[]|\T1/ptm/m/n/10 Measured
 []


Underfull \hbox (badness 10000) in paragraph at lines 2978--2980
\T1/ptm/m/n/10 delta234U un-cer-
 []


Underfull \hbox (badness 7451) in paragraph at lines 2992--2993
[]|\T1/ptm/m/n/10 Ref _ 230Th _
 []


Underfull \hbox (badness 10000) in paragraph at lines 3000--3002
[]|\T1/ptm/m/n/10 Reference ma-
 []


Underfull \hbox (badness 10000) in paragraph at lines 3000--3002
\T1/ptm/m/n/10 te-rial name for
 []


Underfull \hbox (badness 10000) in paragraph at lines 3011--3013
[]|\T1/ptm/m/n/10 Reference ma-
 []


Underfull \hbox (badness 10000) in paragraph at lines 3011--3013
\T1/ptm/m/n/10 te-rial name for
 []


Underfull \hbox (badness 10000) in paragraph at lines 3022--3024
[]|\T1/ptm/m/n/10 Correction fac-tor
 []


Underfull \hbox (badness 10000) in paragraph at lines 3033--3035
[]|\T1/ptm/m/n/10 Correction fac-tor
 []


Underfull \hbox (badness 10000) in paragraph at lines 3033--3035
\T1/ptm/m/n/10 for 230Th/238U
 []


Underfull \hbox (badness 10000) in paragraph at lines 3033--3035
\T1/ptm/m/n/10 un-cer-tainty
 []


Underfull \hbox (badness 7468) in paragraph at lines 3036--3037
[]|\T1/ptm/m/n/10 Corr _ 234U _
 []


Underfull \hbox (badness 10000) in paragraph at lines 3044--3046
[]|\T1/ptm/m/n/10 Correction fac-tor
 []


Underfull \hbox (badness 7468) in paragraph at lines 3047--3048
[]|\T1/ptm/m/n/10 Corr _ 234U _
 []


Underfull \hbox (badness 10000) in paragraph at lines 3055--3057
[]|\T1/ptm/m/n/10 Correction fac-tor
 []


Underfull \hbox (badness 10000) in paragraph at lines 3055--3057
\T1/ptm/m/n/10 for 234U/238U
 []


Underfull \hbox (badness 10000) in paragraph at lines 3055--3057
\T1/ptm/m/n/10 un-cer-tainty
 []


Underfull \hbox (badness 6220) in paragraph at lines 3069--3070
[]|\T1/ptm/m/n/10 Rec _ 230Th _
 []


Underfull \hbox (badness 10000) in paragraph at lines 3077--3079
[]|\T1/ptm/m/n/10 Recalculated
 []


Underfull \hbox (badness 6220) in paragraph at lines 3080--3081
[]|\T1/ptm/m/n/10 Rec _ 230Th _
 []


Underfull \hbox (badness 10000) in paragraph at lines 3088--3090
[]|\T1/ptm/m/n/10 Recalculated
 []


Underfull \hbox (badness 10000) in paragraph at lines 3088--3090
\T1/ptm/m/n/10 un-cer-tainty
 []


Underfull \hbox (badness 10000) in paragraph at lines 3099--3101
[]|\T1/ptm/m/n/10 Recalculated
 []

[15]
Underfull \hbox (badness 10000) in paragraph at lines 3102--3103
[]|\T1/ptm/m/n/10 Rec _ 234U _
 []


Underfull \hbox (badness 10000) in paragraph at lines 3110--3112
[]|\T1/ptm/m/n/10 Recalculated
 []


Underfull \hbox (badness 10000) in paragraph at lines 3110--3112
\T1/ptm/m/n/10 [234U/238U]ACT
 []


Underfull \hbox (badness 10000) in paragraph at lines 3110--3112
\T1/ptm/m/n/10 un-cer-tainty
 []


Underfull \hbox (badness 10000) in paragraph at lines 3176--3178
\T1/ptm/m/n/10 234Ui un-cert.
 []


Underfull \hbox (badness 10000) in paragraph at lines 3176--3178
\T1/ptm/m/n/10 ($\OMS/cmsy/m/n/10 $\T1/ptm/m/n/10 2sigma) w/
 []


Underfull \hbox (badness 10000) in paragraph at lines 3176--3178
\T1/ptm/m/n/10 de-cay con-stant
 []


Underfull \hbox (badness 10000) in paragraph at lines 3187--3189
[]|\T1/ptm/m/n/10 Comments (age
 []


Underfull \hbox (badness 10000) in paragraph at lines 3198--3200
[]|\T1/ptm/m/n/10 Age is
 []


Overfull \hbox (8.54828pt too wide) in paragraph at lines 3198--3200
\T1/ptm/m/n/10 Older/Equal/Younger
 []


Underfull \hbox (badness 10000) in paragraph at lines 3209--3211
[]|\T1/ptm/m/n/10 Marine Iso-topic
 []


Underfull \hbox (badness 10000) in paragraph at lines 3260--3262
[]|\T1/ptm/m/n/10 MySQL co-or-di-
 []

[16] [17]
Underfull \hbox (badness 10000) in paragraph at lines 3333--3335
[]|\T1/ptm/m/n/10 Is this dat-a-point
 []


Underfull \hbox (badness 10000) in paragraph at lines 3461--3463
[]|\T1/ptm/m/n/10 Grain Size (mi-
 []


Underfull \hbox (badness 10000) in paragraph at lines 3494--3496
[]|\T1/ptm/m/n/10 Notes and com-
 []


Underfull \hbox (badness 10000) in paragraph at lines 3560--3562
[]|\T1/ptm/m/n/10 Reported Lon-gi-
 []


Underfull \hbox (badness 6995) in paragraph at lines 3571--3573
[]|\T1/ptm/m/n/10 Latitude (dec-i-mal
 []


Underfull \hbox (badness 10000) in paragraph at lines 3582--3584
[]|\T1/ptm/m/n/10 Longitude (dec-i-
 []


Underfull \hbox (badness 10000) in paragraph at lines 3607--3608
[]|\T1/ptm/m/n/10 Elev _ meas _
 []


Underfull \hbox (badness 10000) in paragraph at lines 3648--3650
[]|\T1/ptm/m/n/10 Elevation above
 []


Underfull \hbox (badness 10000) in paragraph at lines 3659--3661
[]|\T1/ptm/m/n/10 Elevation un-
 []


Underfull \hbox (badness 10000) in paragraph at lines 3659--3661
\T1/ptm/m/n/10 cer-tainty used
 []


Underfull \hbox (badness 10000) in paragraph at lines 3670--3672
[]|\T1/ptm/m/n/10 Elevation com-
 []


Underfull \hbox (badness 10000) in paragraph at lines 3681--3683
[]|\T1/ptm/m/n/10 Age is
 []


Overfull \hbox (8.54828pt too wide) in paragraph at lines 3681--3683
\T1/ptm/m/n/10 Older/Equal/Younger
 []


Underfull \hbox (badness 10000) in paragraph at lines 3692--3694
[]|\T1/ptm/m/n/10 Marine Iso-topic
 []


Underfull \hbox (badness 10000) in paragraph at lines 3703--3705
[]|\T1/ptm/m/n/10 Comments/details
 []


Underfull \hbox (badness 10000) in paragraph at lines 3725--3727
[]|\T1/ptm/m/n/10 Reported age
 []


Underfull \hbox (badness 10000) in paragraph at lines 3725--3727
\T1/ptm/m/n/10 un-cer-tainty
 []


Underfull \hbox (badness 10000) in paragraph at lines 3736--3738
[]|\T1/ptm/m/n/10 Current An-nual
 []

[18]
Underfull \hbox (badness 5563) in paragraph at lines 3758--3760
[]|\T1/ptm/m/n/10 Method of chro-
 []


Underfull \hbox (badness 5563) in paragraph at lines 3791--3793
[]|\T1/ptm/m/n/10 Number of sam-
 []


Underfull \hbox (badness 10000) in paragraph at lines 3813--3815
[]|\T1/ptm/m/n/10 Pyrolysis ex-per-i-
 []


Underfull \hbox (badness 10000) in paragraph at lines 3824--3826
[]|\T1/ptm/m/n/10 Level of un-cer-
 []


Underfull \hbox (badness 10000) in paragraph at lines 3846--3848
[]|\T1/ptm/m/n/10 Aspartic un-cer-
 []


Underfull \hbox (badness 10000) in paragraph at lines 3868--3870
[]|\T1/ptm/m/n/10 Glutamic un-cer-
 []


Underfull \hbox (badness 10000) in paragraph at lines 3912--3914
[]|\T1/ptm/m/n/10 Alanine un-cer-
 []

[19]
Underfull \hbox (badness 10000) in paragraph at lines 3978--3980
[]|\T1/ptm/m/n/10 Leucine un-cer-
 []


Underfull \hbox (badness 10000) in paragraph at lines 4000--4002
[]|\T1/ptm/m/n/10 Independent age
 []


Underfull \hbox (badness 10000) in paragraph at lines 4000--4002
\T1/ptm/m/n/10 con-straints avail-
 []


Underfull \hbox (badness 10000) in paragraph at lines 4011--4013
[]|\T1/ptm/m/n/10 Calibration data
 []


Underfull \hbox (badness 10000) in paragraph at lines 4033--4035
[]|\T1/ptm/m/n/10 Level of un-cer-
 []


Underfull \hbox (badness 10000) in paragraph at lines 4044--4046
[]|\T1/ptm/m/n/10 Aspartic (free
 []


Underfull \hbox (badness 10000) in paragraph at lines 4055--4057
[]|\T1/ptm/m/n/10 Aspartic un-cer-
 []


Underfull \hbox (badness 10000) in paragraph at lines 4066--4068
[]|\T1/ptm/m/n/10 Glutamic (free
 []


Underfull \hbox (badness 10000) in paragraph at lines 4077--4079
[]|\T1/ptm/m/n/10 Glutamic un-
 []


Underfull \hbox (badness 10000) in paragraph at lines 4077--4079
\T1/ptm/m/n/10 cer-tainty (free
 []


Underfull \hbox (badness 10000) in paragraph at lines 4110--4112
[]|\T1/ptm/m/n/10 Alanine (free
 []


Underfull \hbox (badness 10000) in paragraph at lines 4121--4123
[]|\T1/ptm/m/n/10 Alanine un-cer-
 []


Underfull \hbox (badness 10000) in paragraph at lines 4165--4167
[]|[]\T1/ptm/b/n/10 *[]\T1/ptm/m/n/10 A/I un-cer-tainty
 []


Underfull \hbox (badness 10000) in paragraph at lines 4176--4178
[]|\T1/ptm/m/n/10 Leucine (free
 []


Underfull \hbox (badness 10000) in paragraph at lines 4187--4189
[]|\T1/ptm/m/n/10 Leucine un-cer-
 []


Underfull \hbox (badness 10000) in paragraph at lines 4198--4200
[]|\T1/ptm/m/n/10 Notes/Comments
 []


Underfull \hbox (badness 10000) in paragraph at lines 4253--4255
[]|\T1/ptm/m/n/10 Calibration ref-er-
 []


Underfull \hbox (badness 10000) in paragraph at lines 4264--4266
[]|\T1/ptm/m/n/10 Calibration D/L
 []


Underfull \hbox (badness 10000) in paragraph at lines 4267--4268
[]|\T1/ptm/m/n/10 CalibDLvalue _
 []


Underfull \hbox (badness 10000) in paragraph at lines 4275--4277
[]|\T1/ptm/m/n/10 Calibration D/L
 []


Underfull \hbox (badness 10000) in paragraph at lines 4275--4277
\T1/ptm/m/n/10 value un-cer-tainty
 []


Underfull \hbox (badness 10000) in paragraph at lines 4286--4288
[]|\T1/ptm/m/n/10 Calibration age
 []


Underfull \hbox (badness 10000) in paragraph at lines 4297--4299
[]|\T1/ptm/m/n/10 Calibration age
 []


Underfull \hbox (badness 10000) in paragraph at lines 4297--4299
\T1/ptm/m/n/10 (ka) un-cer-tainty
 []


Underfull \hbox (badness 10000) in paragraph at lines 4300--4301
[]|\T1/ptm/m/n/10 Indep _ age _
 []


Underfull \hbox (badness 10000) in paragraph at lines 4308--4310
[]|\T1/ptm/m/n/10 Independent age
 []


Underfull \hbox (badness 10000) in paragraph at lines 4319--4321
[]|\T1/ptm/m/n/10 Independent age
 []


Underfull \hbox (badness 10000) in paragraph at lines 4330--4332
[]|\T1/ptm/m/n/10 Independent age
 []


Underfull \hbox (badness 10000) in paragraph at lines 4341--4343
[]|\T1/ptm/m/n/10 Independent age
 []


Underfull \hbox (badness 10000) in paragraph at lines 4352--4354
[]|\T1/ptm/m/n/10 Independent age
 []


Underfull \hbox (badness 10000) in paragraph at lines 4363--4365
[]|\T1/ptm/m/n/10 Independent age
 []


Underfull \hbox (badness 10000) in paragraph at lines 4407--4409
[]|\T1/ptm/m/n/10 Stratigraphic age
 []

[20]
Underfull \hbox (badness 10000) in paragraph at lines 4447--4449
[]|\T1/ptm/m/n/10 mySQL co-or-di-
 []

[21]
Underfull \hbox (badness 10000) in paragraph at lines 4520--4522
[]|\T1/ptm/m/n/10 Is this dat-a-point
 []


Underfull \hbox (badness 10000) in paragraph at lines 4650--4652
[]|\T1/ptm/m/n/10 Reported Lon-gi-
 []


Underfull \hbox (badness 6995) in paragraph at lines 4661--4663
[]|\T1/ptm/m/n/10 Latitude (dec-i-mal
 []


Underfull \hbox (badness 10000) in paragraph at lines 4672--4674
[]|\T1/ptm/m/n/10 Longitude (dec-i-
 []


Underfull \hbox (badness 10000) in paragraph at lines 4697--4698
[]|\T1/ptm/m/n/10 Elev _ meas _
 []


Underfull \hbox (badness 10000) in paragraph at lines 4738--4740
[]|\T1/ptm/m/n/10 Elevation above
 []


Underfull \hbox (badness 10000) in paragraph at lines 4749--4751
[]|\T1/ptm/m/n/10 Elevation un-
 []


Underfull \hbox (badness 10000) in paragraph at lines 4749--4751
\T1/ptm/m/n/10 cer-tainty used
 []


Underfull \hbox (badness 10000) in paragraph at lines 4760--4762
[]|\T1/ptm/m/n/10 Elevation com-
 []


Underfull \hbox (badness 10000) in paragraph at lines 4771--4773
[]|\T1/ptm/m/n/10 Age is
 []


Overfull \hbox (8.54828pt too wide) in paragraph at lines 4771--4773
\T1/ptm/m/n/10 Older/Younger/Equal
 []


Underfull \hbox (badness 10000) in paragraph at lines 4782--4784
[]|\T1/ptm/m/n/10 Marine Iso-topic
 []


Underfull \hbox (badness 10000) in paragraph at lines 4793--4795
[]|\T1/ptm/m/n/10 Comments/details
 []


Underfull \hbox (badness 10000) in paragraph at lines 4815--4817
[]|\T1/ptm/m/n/10 Age un-cer-tainty
 []


Underfull \hbox (badness 5652) in paragraph at lines 4862--4863
[]|\T1/ptm/m/n/10 ESR _ spectr _
 []


Underfull \hbox (badness 10000) in paragraph at lines 4895--4896
[]|\T1/ptm/m/n/10 Paramagnetic _
 []


Underfull \hbox (badness 10000) in paragraph at lines 4925--4927
[]|\T1/ptm/m/n/10 Number of re-
 []


Underfull \hbox (badness 10000) in paragraph at lines 4925--4927
\T1/ptm/m/n/10 peated mea-sure-
 []


Underfull \hbox (badness 6428) in paragraph at lines 4936--4938
[]|\T1/ptm/m/n/10 Number of ro-ta-
 []

[22]
Underfull \hbox (badness 10000) in paragraph at lines 4969--4971
[]|\T1/ptm/m/n/10 Bleaching co-ef-fi-
 []


Underfull \hbox (badness 10000) in paragraph at lines 4980--4982
[]|\T1/ptm/m/n/10 Fitting pro-gram
 []


Underfull \hbox (badness 10000) in paragraph at lines 5002--5004
[]|\T1/ptm/m/n/10 Data weight-ing
 []


Underfull \hbox (badness 5091) in paragraph at lines 5057--5059
[]|\T1/ptm/m/n/10 Dose rate un-cer-
 []


Underfull \hbox (badness 10000) in paragraph at lines 5079--5081
[]|\T1/ptm/m/n/10 external U er-ror
 []


Underfull \hbox (badness 10000) in paragraph at lines 5123--5125
[]|\T1/ptm/m/n/10 external K er-ror
 []


Underfull \hbox (badness 10000) in paragraph at lines 5167--5169
[]|\T1/ptm/m/n/10 External dose
 []


Underfull \hbox (badness 10000) in paragraph at lines 5167--5169
\T1/ptm/m/n/10 rate un-cer-tainty
 []


Underfull \hbox (badness 10000) in paragraph at lines 5189--5191
[]|\T1/ptm/m/n/10 internal U er-ror
 []


Underfull \hbox (badness 10000) in paragraph at lines 5233--5235
[]|\T1/ptm/m/n/10 internal K er-ror
 []


Underfull \hbox (badness 10000) in paragraph at lines 5277--5279
[]|\T1/ptm/m/n/10 Internal dose
 []


Underfull \hbox (badness 10000) in paragraph at lines 5277--5279
\T1/ptm/m/n/10 rate un-cer-tainty
 []


Underfull \hbox (badness 10000) in paragraph at lines 5288--5290
[]|\T1/ptm/m/n/10 Alpha dose rate
 []


Underfull \hbox (badness 10000) in paragraph at lines 5332--5334
[]|\T1/ptm/m/n/10 Beta dose rate
 []

[23]
Underfull \hbox (badness 10000) in paragraph at lines 5387--5389
[]|\T1/ptm/m/n/10 Water con-tent
 []


Underfull \hbox (badness 10000) in paragraph at lines 5387--5389
\T1/ptm/m/n/10 de-ter-mi-na-tion
 []


Underfull \hbox (badness 10000) in paragraph at lines 5442--5444
[]|\T1/ptm/m/n/10 Alpha ef-fi-ciency
 []


Underfull \hbox (badness 6428) in paragraph at lines 5475--5477
[]|\T1/ptm/m/n/10 Etch depth er-ror
 []


Underfull \hbox (badness 10000) in paragraph at lines 5486--5488
[]|\T1/ptm/m/n/10 Total dose rate
 []


Underfull \hbox (badness 10000) in paragraph at lines 5508--5510
[]|\T1/ptm/m/n/10 Comments and
 []


Underfull \hbox (badness 10000) in paragraph at lines 5548--5550
[]|\T1/ptm/m/n/10 mySQL co-or-di-
 []

[24] [25]
Underfull \hbox (badness 10000) in paragraph at lines 5621--5623
[]|\T1/ptm/m/n/10 Is this dat-a-point
 []


Underfull \hbox (badness 10000) in paragraph at lines 5632--5634
[]|\T1/ptm/m/n/10 Luminescence
 []


Underfull \hbox (badness 10000) in paragraph at lines 5773--5775
[]|\T1/ptm/m/n/10 Reported Lon-gi-
 []


Underfull \hbox (badness 10000) in paragraph at lines 5784--5786
[]|\T1/ptm/m/n/10 Sample lat-i-tude
 []


Underfull \hbox (badness 10000) in paragraph at lines 5795--5797
[]|\T1/ptm/m/n/10 Sample lon-gi-tude
 []


Underfull \hbox (badness 10000) in paragraph at lines 5820--5821
[]|\T1/ptm/m/n/10 Elev _ meas _
 []


Underfull \hbox (badness 10000) in paragraph at lines 5861--5863
[]|\T1/ptm/m/n/10 Elevation above
 []


Underfull \hbox (badness 10000) in paragraph at lines 5872--5874
[]|\T1/ptm/m/n/10 Elevation un-
 []


Underfull \hbox (badness 10000) in paragraph at lines 5872--5874
\T1/ptm/m/n/10 cer-tainty used
 []


Underfull \hbox (badness 10000) in paragraph at lines 5894--5896
[]|\T1/ptm/m/n/10 Age is
 []


Overfull \hbox (8.54828pt too wide) in paragraph at lines 5894--5896
\T1/ptm/m/n/10 Older/Equal/Younger
 []


Underfull \hbox (badness 10000) in paragraph at lines 5905--5907
[]|\T1/ptm/m/n/10 Marine Iso-topic
 []


Underfull \hbox (badness 10000) in paragraph at lines 5916--5918
[]|\T1/ptm/m/n/10 Comments/details
 []


Underfull \hbox (badness 10000) in paragraph at lines 5938--5940
[]|\T1/ptm/m/n/10 Age un-cer-tainty
 []


Underfull \hbox (badness 10000) in paragraph at lines 5960--5962
[]|\T1/ptm/m/n/10 Equivalent Dose
 []


Underfull \hbox (badness 10000) in paragraph at lines 5960--5962
\T1/ptm/m/n/10 mea-sure-ment
 []


Underfull \hbox (badness 10000) in paragraph at lines 5971--5973
[]|\T1/ptm/m/n/10 Treatment dur-ing
 []


Underfull \hbox (badness 10000) in paragraph at lines 5982--5984
[]|\T1/ptm/m/n/10 Statistical model
 []


Underfull \hbox (badness 10000) in paragraph at lines 6026--6028
[]|\T1/ptm/m/n/10 Optical Fil-ters
 []


Underfull \hbox (badness 10000) in paragraph at lines 6037--6039
[]|\T1/ptm/m/n/10 Number of
 []


Underfull \hbox (badness 10000) in paragraph at lines 6037--6039
\T1/ptm/m/n/10 aliquots/ sin-gle
 []


Underfull \hbox (badness 10000) in paragraph at lines 6048--6050
[]|\T1/ptm/m/n/10 Number of
 []


Underfull \hbox (badness 10000) in paragraph at lines 6048--6050
\T1/ptm/m/n/10 aliquots/ sin-gle
 []


Underfull \hbox (badness 10000) in paragraph at lines 6048--6050
\T1/ptm/m/n/10 grains used in
 []


Underfull \hbox (badness 10000) in paragraph at lines 6070--6072
[]|\T1/ptm/m/n/10 Equivalent dose
 []


Underfull \hbox (badness 10000) in paragraph at lines 6081--6083
[]|\T1/ptm/m/n/10 Equivalent dose
 []


Underfull \hbox (badness 10000) in paragraph at lines 6092--6094
[]|\T1/ptm/m/n/10 Overdispersion
 []


Underfull \hbox (badness 10000) in paragraph at lines 6103--6105
[]|\T1/ptm/m/n/10 Overdispersion
 []


Underfull \hbox (badness 10000) in paragraph at lines 6103--6105
\T1/ptm/m/n/10 value un-cer-tainty
 []


Underfull \hbox (badness 10000) in paragraph at lines 6147--6149
[]|\T1/ptm/m/n/10 Uranium con-tent
 []


Underfull \hbox (badness 10000) in paragraph at lines 6158--6160
[]|\T1/ptm/m/n/10 Uranium con-tent
 []


Underfull \hbox (badness 10000) in paragraph at lines 6169--6171
[]|\T1/ptm/m/n/10 Thorium con-tent
 []


Underfull \hbox (badness 10000) in paragraph at lines 6180--6182
[]|\T1/ptm/m/n/10 Thorium con-tent
 []


Underfull \hbox (badness 10000) in paragraph at lines 6235--6237
[]|\T1/ptm/m/n/10 Alpha dose rate
 []

[26]
Underfull \hbox (badness 10000) in paragraph at lines 6268--6270
[]|\T1/ptm/m/n/10 Gamma dose
 []


Underfull \hbox (badness 10000) in paragraph at lines 6268--6270
\T1/ptm/m/n/10 rate un-cer-tainty
 []


Underfull \hbox (badness 10000) in paragraph at lines 6279--6281
[]|\T1/ptm/m/n/10 Beta dose rate
 []


Underfull \hbox (badness 10000) in paragraph at lines 6312--6314
[]|\T1/ptm/m/n/10 Cosmic dose
 []


Underfull \hbox (badness 10000) in paragraph at lines 6312--6314
\T1/ptm/m/n/10 rate un-cer-tainty
 []


Underfull \hbox (badness 10000) in paragraph at lines 6334--6336
[]|\T1/ptm/m/n/10 Water con-tent
 []


Underfull \hbox (badness 10000) in paragraph at lines 6334--6336
\T1/ptm/m/n/10 de-ter-mi-na-tion
 []


Underfull \hbox (badness 10000) in paragraph at lines 6345--6347
[]|\T1/ptm/m/n/10 Water Con-tent
 []


Underfull \hbox (badness 10000) in paragraph at lines 6356--6358
[]|\T1/ptm/m/n/10 Water Con-tent
 []


Underfull \hbox (badness 5260) in paragraph at lines 6367--6369
[]|\T1/ptm/m/n/10 Alpha at-ten-u-a-tion
 []


Underfull \hbox (badness 10000) in paragraph at lines 6389--6391
[]|\T1/ptm/m/n/10 Total dose rate
 []


Underfull \hbox (badness 10000) in paragraph at lines 6433--6435
[]|\T1/ptm/m/n/10 g-value (% per
 []

[27]
Underfull \hbox (badness 10000) in paragraph at lines 6495--6497
[]|\T1/ptm/m/n/10 MySQL co-or-di-
 []

[28]
Underfull \hbox (badness 10000) in paragraph at lines 6543--6545
[]|\T1/ptm/m/n/10 Is this dat-a-point
 []


Overfull \hbox (0.71834pt too wide) in paragraph at lines 6554--6556
[]|\T1/ptm/m/n/10 Chronostratigraphy
 []


Underfull \hbox (badness 10000) in paragraph at lines 6576--6578
[]|\T1/ptm/m/n/10 Description for
 []


Underfull \hbox (badness 10000) in paragraph at lines 6576--6578
\T1/ptm/m/n/10 chronos-trati-
 []


Underfull \hbox (badness 10000) in paragraph at lines 6598--6600
[]|\T1/ptm/m/n/10 Age is
 []


Overfull \hbox (8.54828pt too wide) in paragraph at lines 6598--6600
\T1/ptm/m/n/10 Older/Equal/Younger
 []


Underfull \hbox (badness 10000) in paragraph at lines 6609--6611
[]|\T1/ptm/m/n/10 Marine Iso-topic
 []


Underfull \hbox (badness 10000) in paragraph at lines 6620--6622
[]|\T1/ptm/m/n/10 Comments/details
 []


Overfull \hbox (1.16869pt too wide) in paragraph at lines 6625--6626
[]|\T1/ptm/m/n/10 decimal(10,0)| 
 []


Overfull \hbox (1.16869pt too wide) in paragraph at lines 6634--6635
[]|\T1/ptm/m/n/10 decimal(10,0)| 
 []


Underfull \hbox (badness 10000) in paragraph at lines 6693--6695
[]|\T1/ptm/m/n/10 Duration un-cer-
 []


Underfull \hbox (badness 5133) in paragraph at lines 6704--6706
[]|\T1/ptm/m/n/10 Is a sub-zone of
 []


Underfull \hbox (badness 10000) in paragraph at lines 6715--6717
[]|\T1/ptm/m/n/10 Parent record
 []

[29]
Underfull \hbox (badness 10000) in paragraph at lines 6785--6787
[]|\T1/ptm/m/n/10 WALIS Other
 []


Underfull \hbox (badness 10000) in paragraph at lines 6796--6798
[]|\T1/ptm/m/n/10 Is this dat-a-point
 []


Overfull \hbox (1.16869pt too wide) in paragraph at lines 6834--6835
[]|\T1/ptm/m/n/10 decimal(10,2)| 
 []


Overfull \hbox (1.16869pt too wide) in paragraph at lines 6843--6844
[]|\T1/ptm/m/n/10 decimal(10,2)| 
 []


Underfull \hbox (badness 10000) in paragraph at lines 6858--6860
[]|\T1/ptm/m/n/10 Age is
 []


Overfull \hbox (8.54828pt too wide) in paragraph at lines 6858--6860
\T1/ptm/m/n/10 Older/Equal/Younger
 []


Underfull \hbox (badness 10000) in paragraph at lines 6869--6871
[]|\T1/ptm/m/n/10 Marine Iso-topic
 []


Underfull \hbox (badness 10000) in paragraph at lines 6880--6882
[]|\T1/ptm/m/n/10 Comments/details
 []

[30] [31] [32

]
Chapter 4.
<SL_datapoints.png, id=582, 1445.4pt x 782.925pt>
File: SL_datapoints.png Graphic file (type png)
<use SL_datapoints.png>
Package pdftex.def Info: SL_datapoints.png  used on input line 6951.
(pdftex.def)             Requested size: 469.75502pt x 254.44762pt.
[33 <./SL_datapoints.png>]
<RSL_datapoints_strat.png, id=594, 1023.825pt x 548.0475pt>
File: RSL_datapoints_strat.png Graphic file (type png)
<use RSL_datapoints_strat.png>
Package pdftex.def Info: RSL_datapoints_strat.png  used on input line 6972.
(pdftex.def)             Requested size: 469.75502pt x 251.45262pt.
 [34 <./RSL_datapoints_strat.png>] [35] [36]
Chapter 5.
<error_site_subsite.png, id=611, 302.63063pt x 187.45032pt>
File: error_site_subsite.png Graphic file (type png)
<use error_site_subsite.png>
Package pdftex.def Info: error_site_subsite.png  used on input line 7282.
(pdftex.def)             Requested size: 234.8775pt x 145.48413pt.
[37

 <./error_site_subsite.png>] [38] [39]
<Limits.jpg, id=638, 458.1918pt x 139.9629pt>
File: Limits.jpg Graphic file (type jpg)
<use Limits.jpg>
Package pdftex.def Info: Limits.jpg  used on input line 7397.
(pdftex.def)             Requested size: 305.33789pt x 93.27063pt.
 [40 <./Limits.jpg>] [41] [42]
Underfull \hbox (badness 10000) in paragraph at lines 7639--7639
[]\T1/ptm/m/n/10 Qual-ity
 []


Underfull \hbox (badness 10000) in paragraph at lines 7639--7639
[]\T1/ptm/m/n/10 1 (very
 []


Underfull \hbox (badness 10000) in paragraph at lines 7639--7639
[]\T1/ptm/m/n/10 0 (re-
 []


Underfull \hbox (badness 10000) in paragraph at lines 7686--7686
[]\T1/ptm/m/n/10 Qual-ity
 []


Underfull \hbox (badness 10000) in paragraph at lines 7686--7686
[]\T1/ptm/m/n/10 5 (ex-cel-
 []


Underfull \hbox (badness 10000) in paragraph at lines 7686--7686
[]\T1/ptm/m/n/10 1 (very
 []


Underfull \hbox (badness 10000) in paragraph at lines 7686--7686
[]\T1/ptm/m/n/10 0 (re-
 []

[43] [44]
Chapter 6.
[45

] [46] [47] [48

]
Chapter 7.
[49] [50]
Chapter 8.
[51

] [52] [53] [54] [55] [56]
Chapter 9.
[57

] [58] [59] [60]
Chapter 10.
[61

] [62]
Chapter 11.
[63

] [64] [65] [66

]
Chapter 12.
[67] [68

]
Chapter 13.
[69] [70

]
Chapter 14.
(theworldatlasoflastinterglacialshorelines.ind) [71]
(theworldatlasoflastinterglacialshorelines.aux)
Package rerunfilecheck Info: File `theworldatlasoflastinterglacialshorelines.ou
t' has not changed.
(rerunfilecheck)             Checksum: 5ED1C601E34125E2CAC58E5AC40D42BA;10935.
 ) 
Here is how much of TeX's memory you used:
 13984 strings out of 480202
 204986 string characters out of 2876047
 608136 words of memory out of 3000000
 30024 multiletter control sequences out of 15000+200000
 588109 words of font info for 89 fonts, out of 3000000 for 9000
 1142 hyphenation exceptions out of 8191
 72i,12n,77p,880b,547s stack positions out of 5000i,500n,10000p,200000b,50000s
{C:/Users/arovere/AppData/Local/Programs/MiKTeX 2.9/fonts/enc/dvips/base/8r.e
nc}<C:/Users/arovere/AppData/Local/Programs/MiKTeX 2.9/fonts/type1/public/amsfo
nts/cm/cmsy10.pfb><C:/Users/arovere/AppData/Local/Programs/MiKTeX 2.9/fonts/typ
e1/urw/courier/ucrb8a.pfb><C:/Users/arovere/AppData/Local/Programs/MiKTeX 2.9/f
onts/type1/urw/courier/ucrr8a.pfb><C:/Users/arovere/AppData/Local/Programs/MiKT
eX 2.9/fonts/type1/urw/helvetic/uhvb8a.pfb><C:/Users/arovere/AppData/Local/Prog
rams/MiKTeX 2.9/fonts/type1/urw/helvetic/uhvbo8a.pfb><C:/Users/arovere/AppData/
Local/Programs/MiKTeX 2.9/fonts/type1/urw/helvetic/uhvr8a.pfb><C:/Users/arovere
/AppData/Local/Programs/MiKTeX 2.9/fonts/type1/urw/times/utmb8a.pfb><C:/Users/a
rovere/AppData/Local/Programs/MiKTeX 2.9/fonts/type1/urw/times/utmr8a.pfb><C:/U
sers/arovere/AppData/Local/Programs/MiKTeX 2.9/fonts/type1/urw/times/utmri8a.pf
b>
Output written on theworldatlasoflastinterglacialshorelines.pdf (75 pages, 3998
737 bytes).
PDF statistics:
 868 PDF objects out of 1000 (max. 8388607)
 190 named destinations out of 1000 (max. 500000)
 675 words of extra memory for PDF output out of 10000 (max. 10000000)

